\BOOKMARK [0][-]{chapter.1}{Inleiding}{}% 1
\BOOKMARK [1][-]{section.1.1}{Probleemstelling en Onderzoeksvragen}{chapter.1}% 2
\BOOKMARK [0][-]{chapter.2}{Methodologie}{}% 3
\BOOKMARK [0][-]{chapter.3}{Internet en publiciteit}{}% 4
\BOOKMARK [1][-]{section.3.1}{Evolutie van reclame}{chapter.3}% 5
\BOOKMARK [1][-]{section.3.2}{Gebruikte technologie}{chapter.3}% 6
\BOOKMARK [2][-]{subsection.3.2.1}{Banner advertising }{section.3.2}% 7
\BOOKMARK [2][-]{subsection.3.2.2}{Google search reclame }{section.3.2}% 8
\BOOKMARK [1][-]{section.3.3}{Reclame netwerken}{chapter.3}% 9
\BOOKMARK [1][-]{section.3.4}{Inkomsten uit reclame}{chapter.3}% 10
\BOOKMARK [2][-]{subsection.3.4.1}{Conclusie en vooruitzichten }{section.3.4}% 11
\BOOKMARK [0][-]{chapter.4}{De Ad blockers}{}% 12
\BOOKMARK [1][-]{section.4.1}{Aanbieders}{chapter.4}% 13
\BOOKMARK [2][-]{subsection.4.1.1}{Adblock Plus}{section.4.1}% 14
\BOOKMARK [2][-]{subsection.4.1.2}{AdBlock}{section.4.1}% 15
\BOOKMARK [2][-]{subsection.4.1.3}{\265Block Origin}{section.4.1}% 16
\BOOKMARK [2][-]{subsection.4.1.4}{Ghostery}{section.4.1}% 17
\BOOKMARK [2][-]{subsection.4.1.5}{Brave}{section.4.1}% 18
\BOOKMARK [1][-]{section.4.2}{Werking van ad blockers}{chapter.4}% 19
\BOOKMARK [2][-]{subsection.4.2.1}{Request blocking}{section.4.2}% 20
\BOOKMARK [2][-]{subsection.4.2.2}{ Element hidding}{section.4.2}% 21
\BOOKMARK [1][-]{section.4.3}{Business model}{chapter.4}% 22
\BOOKMARK [2][-]{subsection.4.3.1}{ Accepteable ad's program}{section.4.3}% 23
\BOOKMARK [0][-]{chapter.5}{Evolutie gebruik Ad blockers}{}% 24
\BOOKMARK [1][-]{section.5.1}{Spreiding}{chapter.5}% 25
\BOOKMARK [2][-]{subsection.5.1.1}{Demografische spreiding}{section.5.1}% 26
\BOOKMARK [2][-]{subsection.5.1.2}{Geografische spreiding}{section.5.1}% 27
\BOOKMARK [2][-]{subsection.5.1.3}{Spreiding over de verschillende browsers en platformen}{section.5.1}% 28
\BOOKMARK [2][-]{subsection.5.1.4}{Spreiding over de verschillende content}{section.5.1}% 29
\BOOKMARK [2][-]{subsection.5.1.5}{Conclusie}{section.5.1}% 30
\BOOKMARK [1][-]{section.5.2}{Redenen voor gebruik ad blocker}{chapter.5}% 31
\BOOKMARK [2][-]{subsection.5.2.1}{Reclame}{section.5.2}% 32
\BOOKMARK [2][-]{subsection.5.2.2}{Click bait}{section.5.2}% 33
\BOOKMARK [2][-]{subsection.5.2.3}{Tracking/privacy}{section.5.2}% 34
\BOOKMARK [2][-]{subsection.5.2.4}{Beveiliging}{section.5.2}% 35
\BOOKMARK [2][-]{subsection.5.2.5}{Laadsnelheid en bandbreedte}{section.5.2}% 36
\BOOKMARK [2][-]{subsection.5.2.6}{Conclusie}{section.5.2}% 37
\BOOKMARK [0][-]{chapter.6}{Huidige impact van ad blockers}{}% 38
\BOOKMARK [1][-]{section.6.1}{Impact op de internet gebruiker}{chapter.6}% 39
\BOOKMARK [1][-]{section.6.2}{Impact op de economie}{chapter.6}% 40
\BOOKMARK [0][-]{chapter.7}{Hoe wapenen bedrijven zich tegen ad blockers}{}% 41
\BOOKMARK [1][-]{section.7.1}{De verschillende mogelijkheden}{chapter.7}% 42
\BOOKMARK [2][-]{subsection.7.1.1}{Blokkeren van ad block gebruikers}{section.7.1}% 43
\BOOKMARK [2][-]{subsection.7.1.2}{Gebruik maken van een paywall}{section.7.1}% 44
\BOOKMARK [2][-]{subsection.7.1.3}{Donaties vragen}{section.7.1}% 45
\BOOKMARK [2][-]{subsection.7.1.4}{Gesponsorde content en affiliate marketing}{section.7.1}% 46
\BOOKMARK [0][-]{chapter.8}{Toekomst}{}% 47
\BOOKMARK [1][-]{section.8.1}{Vooruitzicht in groei ad blockers}{chapter.8}% 48
\BOOKMARK [2][-]{subsection.8.1.1}{Mobile}{section.8.1}% 49
\BOOKMARK [1][-]{section.8.2}{Vooruitzicht in verlies opbrengsten van reclame}{chapter.8}% 50
\BOOKMARK [1][-]{section.8.3}{Aanpassingen aanbod publiciteit}{chapter.8}% 51
\BOOKMARK [2][-]{subsection.8.3.1}{Native ads}{section.8.3}% 52
\BOOKMARK [2][-]{subsection.8.3.2}{Acceptabele ad's}{section.8.3}% 53
\BOOKMARK [1][-]{section.8.4}{Wetgevingen en rechtzaken rond ad blockers}{chapter.8}% 54
\BOOKMARK [2][-]{subsection.8.4.1}{Rechtszaken}{section.8.4}% 55
\BOOKMARK [0][-]{chapter.9}{Conclusie}{}% 56
